[07:37:58] INFO: Session started, sess_id=314, mode=plan, model=kimi-k2.5:cloud
[07:37:58] Choose persona START...: 
[07:37:58] Choose available number (x to cancel): 
[07:38:27] Choose available number (x to cancel): 
[07:38:31] Persona 'BookSmith' requires additional dependencies:
  pip packages (5): beautifulsoup4>=4.12.0, lxml>=5.0.0, python-docx>=1.1.0, pypdf>=4.0.0, ebooklib>=0.18.0
  Estimated total: ~0.1 GB
  Note: PDF, EPUB, DOCX reading libraries for book analysis. ~100MB total.
Install now? [Y]es / [N]o / [D]etails
[07:38:44] Installing dependencies for 'BookSmith'... This may take a while.
[07:38:44] Creating venv for persona 'BookSmith' at /home/t3ch/.config/aiia/envs/BookSmith
[07:38:45] Installing pip package: pypdf>=4.0.0 ...
[07:38:45]   pypdf>=4.0.0 installed.
[07:38:45] Installing pip package: python-docx>=1.1.0 ...
[07:38:46]   python-docx>=1.1.0 installed.
[07:38:46] Installing pip package: ebooklib>=0.18.0 ...
[07:38:47]   ebooklib>=0.18.0 installed.
[07:38:47] Installing pip package: beautifulsoup4>=4.12.0 ...
[07:38:48]   beautifulsoup4>=4.12.0 installed.
[07:38:48] Installing pip package: lxml>=5.0.0 ...
[07:38:48]   lxml>=5.0.0 installed.
[07:38:48] All dependencies installed for 'BookSmith'.
[07:38:48] Set system message ( CTRL+x ENTER to Finish. ): 
[07:39:08] Choose history START...: 
[07:39:08] Choose available number (x to cancel): 
[07:39:12] Choose available number (x to cancel): 
[07:39:13] Canceling...
[07:39:13] Tool training — warming up model on available tools...
[07:39:13] [Context: 178/131072 (0.1%)]
[07:39:13] [iter 1] [Context: 178/131072 (0.1%)]
[07:39:13] INFO: AI request (iteration 1, msgs=2)
[07:39:20] INFO: AI response: 378 prompt + 1372 response tokens (total: 378 / 1372)
[07:39:20] ✓ TreeView: Error: path 'src' is not a directory.
[07:39:20] ✓ ReadFile: Error: Missing required parameter(s): fileName
Usage:
<ReadFile>
<fileName>string</fileName>
<max_chars>string</max_chars>
</ReadFile>
[07:39:20] Tool `ReadFile` failed 2 times with missing parameter(s): fileName. Correct format:

Usage:
<ReadFile>
<fileName>string</fileName>
<max_chars>string</max_chars>
</ReadFile>
[07:39:20] ✓ ReadFile: Error: Missing required parameter(s): fileName
Usage:
<ReadFile>
<fileName>string</fileName>
<max_chars>string</max_chars>
</ReadFile>
[07:39:20] ✓ WriteFile: Error: Missing required parameter(s): fileName, contentOfFile
Usage:
<WriteFile>
<fileName>string</fileName>
<contentOfFile>string</contentOfFile>
</WriteFile>
[07:39:20] [after +1372] [Context: 1034/131072 (0.8%)]
[07:39:20] WARN: 3 consecutive tool errors, last tool: WriteFile
[07:39:20] AI loop: 3 consecutive tool errors — breaking loop
[07:39:20] [iter 3] [Context: 1092/131072 (0.8%)]
[07:39:20] INFO: AI request (iteration 3, msgs=9)
[07:39:24] INFO: AI response: 1236 prompt + 693 response tokens (total: 1614 / 2065)
[07:39:24] [after +693] [Context: 3849/131072 (2.9%)]
[07:39:24] [iter 4] [Context: 3849/131072 (2.9%)]
[07:39:24] INFO: AI request (iteration 4, msgs=16)
[07:39:29] INFO: AI response: 4137 prompt + 753 response tokens (total: 5751 / 2818)
[07:39:29] [after +753] [Context: 5097/131072 (3.9%)]
[07:39:29] [iter 5] [Context: 5097/131072 (3.9%)]
[07:39:29] INFO: AI request (iteration 5, msgs=20)
[07:39:33] INFO: AI response: 5419 prompt + 430 response tokens (total: 11170 / 3248)
[07:39:33] [after +430] [Context: 5582/131072 (4.3%)]
[07:39:33] You: 
[07:39:38] You: 
[07:39:42] You: 
[07:41:04] [Context: 5626/131072 (4.3%)]
[07:41:04] [iter 1] [Context: 5626/131072 (4.3%)]
[07:41:04] INFO: AI request (iteration 1, msgs=22)
[07:41:07] INFO: AI response: 5689 prompt + 376 response tokens (total: 16859 / 3624)
[07:41:07] [after +376] [Context: 10274/131072 (7.8%)]
[07:41:07] [iter 2] [Context: 10274/131072 (7.8%)]
[07:41:07] INFO: AI request (iteration 2, msgs=24)
[07:41:42] INFO: AI response: 10181 prompt + 5702 response tokens (total: 27040 / 9326)
[07:41:42] [after +5702] [Context: 10378/131072 (7.9%)]
[07:41:42] [iter 3] [Context: 10378/131072 (7.9%)]
[07:41:42] INFO: AI request (iteration 3, msgs=27)
[07:41:44] INFO: AI response: 10291 prompt + 99 response tokens (total: 37331 / 9425)
[07:41:44] [after +99] [Context: 11195/131072 (8.5%)]
[07:41:44] [iter 4] [Context: 11195/131072 (8.5%)]
[07:41:44] INFO: AI request (iteration 4, msgs=30)
[07:41:47] INFO: AI response: 11081 prompt + 284 response tokens (total: 48412 / 9709)
[07:41:47] [after +284] [Context: 11470/131072 (8.8%)]
[07:41:47] You: 
